<?xml version="1.0" encoding="UTF-8"?>
<coverage generated="1747343427626" clover="3.2.0">
  <project timestamp="1747343427626" name="All files">
    <metrics statements="137" coveredstatements="80" conditionals="74" coveredconditionals="36" methods="36" coveredmethods="17" elements="247" coveredelements="133" complexity="0" loc="137" ncloc="137" packages="1" files="2" classes="2"/>
    <file name="basicSettings.ts" path="C:\Users\EmmanuelAsaber\Desktop\statically-strict-debugger\src\basicSettings.ts">
      <metrics statements="93" coveredstatements="60" conditionals="43" coveredconditionals="23" methods="16" coveredmethods="9"/>
      <line num="3" count="1" type="stmt"/>
      <line num="16" count="4" type="stmt"/>
      <line num="17" count="4" type="stmt"/>
      <line num="21" count="2" type="stmt"/>
      <line num="33" count="3" type="stmt"/>
      <line num="34" count="3" type="cond" truecount="1" falsecount="0"/>
      <line num="35" count="1" type="stmt"/>
      <line num="36" count="1" type="cond" truecount="1" falsecount="0"/>
      <line num="37" count="1" type="stmt"/>
      <line num="39" count="1" type="cond" truecount="1" falsecount="0"/>
      <line num="40" count="1" type="stmt"/>
      <line num="42" count="1" type="stmt"/>
      <line num="43" count="0" type="stmt"/>
      <line num="44" count="0" type="stmt"/>
      <line num="46" count="1" type="stmt"/>
      <line num="48" count="2" type="stmt"/>
      <line num="49" count="2" type="stmt"/>
      <line num="50" count="2" type="stmt"/>
      <line num="51" count="2" type="stmt"/>
      <line num="52" count="2" type="cond" truecount="1" falsecount="0"/>
      <line num="53" count="2" type="stmt"/>
      <line num="54" count="0" type="stmt"/>
      <line num="55" count="0" type="cond" truecount="0" falsecount="1"/>
      <line num="56" count="0" type="stmt"/>
      <line num="57" count="0" type="stmt"/>
      <line num="61" count="2" type="stmt"/>
      <line num="62" count="0" type="stmt"/>
      <line num="63" count="0" type="stmt"/>
      <line num="68" count="0" type="stmt"/>
      <line num="69" count="0" type="stmt"/>
      <line num="74" count="2" type="stmt"/>
      <line num="75" count="2" type="stmt"/>
      <line num="79" count="1" type="stmt"/>
      <line num="80" count="1" type="stmt"/>
      <line num="89" count="4" type="stmt"/>
      <line num="90" count="4" type="cond" truecount="1" falsecount="1"/>
      <line num="91" count="4" type="stmt"/>
      <line num="92" count="4" type="stmt"/>
      <line num="93" count="4" type="stmt"/>
      <line num="97" count="2" type="stmt"/>
      <line num="98" count="2" type="stmt"/>
      <line num="100" count="2" type="cond" truecount="4" falsecount="1"/>
      <line num="102" count="2" type="cond" truecount="2" falsecount="1"/>
      <line num="103" count="0" type="stmt"/>
      <line num="104" count="0" type="stmt"/>
      <line num="107" count="2" type="stmt"/>
      <line num="109" count="2" type="cond" truecount="2" falsecount="0"/>
      <line num="110" count="1" type="stmt"/>
      <line num="111" count="1" type="cond" truecount="1" falsecount="1"/>
      <line num="112" count="1" type="stmt"/>
      <line num="113" count="1" type="stmt"/>
      <line num="114" count="1" type="stmt"/>
      <line num="116" count="1" type="stmt"/>
      <line num="117" count="1" type="stmt"/>
      <line num="118" count="1" type="stmt"/>
      <line num="121" count="2" type="cond" truecount="1" falsecount="0"/>
      <line num="122" count="2" type="cond" truecount="2" falsecount="0"/>
      <line num="123" count="2" type="stmt"/>
      <line num="124" count="2" type="stmt"/>
      <line num="129" count="0" type="stmt"/>
      <line num="130" count="0" type="stmt"/>
      <line num="132" count="0" type="stmt"/>
      <line num="133" count="0" type="stmt"/>
      <line num="134" count="0" type="stmt"/>
      <line num="136" count="0" type="cond" truecount="0" falsecount="5"/>
      <line num="138" count="0" type="cond" truecount="0" falsecount="4"/>
      <line num="139" count="0" type="stmt"/>
      <line num="140" count="0" type="stmt"/>
      <line num="141" count="0" type="cond" truecount="0" falsecount="2"/>
      <line num="142" count="0" type="stmt"/>
      <line num="143" count="0" type="stmt"/>
      <line num="144" count="0" type="stmt"/>
      <line num="145" count="0" type="stmt"/>
      <line num="146" count="0" type="cond" truecount="0" falsecount="1"/>
      <line num="147" count="0" type="stmt"/>
      <line num="148" count="0" type="stmt"/>
      <line num="149" count="0" type="stmt"/>
      <line num="150" count="0" type="stmt"/>
      <line num="154" count="0" type="stmt"/>
      <line num="158" count="1" type="stmt"/>
      <line num="159" count="1" type="stmt"/>
      <line num="161" count="1" type="cond" truecount="4" falsecount="1"/>
      <line num="163" count="1" type="stmt"/>
      <line num="164" count="1" type="stmt"/>
      <line num="166" count="1" type="stmt"/>
      <line num="167" count="1" type="stmt"/>
      <line num="168" count="1" type="stmt"/>
      <line num="172" count="1" type="stmt"/>
      <line num="174" count="1" type="cond" truecount="0" falsecount="1"/>
      <line num="176" count="1" type="cond" truecount="1" falsecount="1"/>
      <line num="177" count="1" type="stmt"/>
      <line num="179" count="0" type="stmt"/>
      <line num="184" count="1" type="stmt"/>
    </file>
    <file name="general.ts" path="C:\Users\EmmanuelAsaber\Desktop\statically-strict-debugger\src\general.ts">
      <metrics statements="44" coveredstatements="20" conditionals="31" coveredconditionals="13" methods="20" coveredmethods="8"/>
      <line num="12" count="21" type="stmt"/>
      <line num="22" count="21" type="stmt"/>
      <line num="33" count="21" type="stmt"/>
      <line num="34" count="21" type="stmt"/>
      <line num="38" count="13" type="stmt"/>
      <line num="42" count="0" type="stmt"/>
      <line num="46" count="7" type="stmt"/>
      <line num="47" count="7" type="cond" truecount="1" falsecount="0"/>
      <line num="48" count="6" type="cond" truecount="4" falsecount="2"/>
      <line num="49" count="6" type="cond" truecount="1" falsecount="1"/>
      <line num="52" count="6" type="stmt"/>
      <line num="56" count="0" type="stmt"/>
      <line num="57" count="0" type="cond" truecount="0" falsecount="2"/>
      <line num="61" count="8" type="stmt"/>
      <line num="65" count="3" type="stmt"/>
      <line num="73" count="3" type="stmt"/>
      <line num="74" count="3" type="stmt"/>
      <line num="78" count="0" type="stmt"/>
      <line num="79" count="0" type="stmt"/>
      <line num="84" count="0" type="stmt"/>
      <line num="88" count="18" type="stmt"/>
      <line num="89" count="18" type="cond" truecount="2" falsecount="0"/>
      <line num="93" count="6" type="cond" truecount="3" falsecount="0"/>
      <line num="94" count="5" type="stmt"/>
      <line num="95" count="5" type="stmt"/>
      <line num="99" count="0" type="stmt"/>
      <line num="103" count="0" type="stmt"/>
      <line num="107" count="0" type="stmt"/>
      <line num="111" count="0" type="stmt"/>
      <line num="115" count="0" type="stmt"/>
      <line num="120" count="0" type="cond" truecount="0" falsecount="2"/>
      <line num="121" count="0" type="stmt"/>
      <line num="122" count="0" type="cond" truecount="0" falsecount="2"/>
      <line num="123" count="0" type="stmt"/>
      <line num="124" count="0" type="stmt"/>
      <line num="125" count="0" type="cond" truecount="0" falsecount="2"/>
      <line num="126" count="0" type="stmt"/>
      <line num="128" count="0" type="stmt"/>
      <line num="131" count="0" type="cond" truecount="0" falsecount="4"/>
      <line num="133" count="0" type="cond" truecount="0" falsecount="3"/>
      <line num="135" count="0" type="stmt"/>
      <line num="139" count="0" type="stmt"/>
      <line num="140" count="0" type="stmt"/>
      <line num="144" count="2" type="stmt"/>
    </file>
  </project>
</coverage>
