{"C:\\Users\\EmmanuelAsaber\\Desktop\\statically-strict-debugger\\js\\WifiConfig.ts": {"path":"C:\\Users\\EmmanuelAsaber\\Desktop\\statically-strict-debugger\\js\\WifiConfig.ts","statementMap":{"0":{"start":{"line":2,"column":33},"end":{"line":2,"column":38}},"1":{"start":{"line":3,"column":78},"end":{"line":3,"column":82}},"2":{"start":{"line":4,"column":72},"end":{"line":8,"column":4}},"3":{"start":{"line":9,"column":51},"end":{"line":9,"column":55}},"4":{"start":{"line":12,"column":4},"end":{"line":12,"column":87}},"5":{"start":{"line":13,"column":4},"end":{"line":21,"column":5}},"6":{"start":{"line":14,"column":6},"end":{"line":14,"column":55}},"7":{"start":{"line":15,"column":6},"end":{"line":15,"column":31}},"8":{"start":{"line":16,"column":6},"end":{"line":16,"column":69}},"9":{"start":{"line":18,"column":6},"end":{"line":18,"column":84}},"10":{"start":{"line":19,"column":6},"end":{"line":19,"column":36}},"11":{"start":{"line":20,"column":6},"end":{"line":20,"column":32}},"12":{"start":{"line":23,"column":23},"end":{"line":23,"column":88}},"13":{"start":{"line":24,"column":4},"end":{"line":28,"column":5}},"14":{"start":{"line":25,"column":6},"end":{"line":25,"column":93}},"15":{"start":{"line":25,"column":50},"end":{"line":25,"column":91}},"16":{"start":{"line":27,"column":6},"end":{"line":27,"column":53}},"17":{"start":{"line":32,"column":4},"end":{"line":32,"column":38}},"18":{"start":{"line":36,"column":4},"end":{"line":58,"column":5}},"19":{"start":{"line":37,"column":6},"end":{"line":37,"column":77}},"20":{"start":{"line":38,"column":6},"end":{"line":46,"column":7}},"21":{"start":{"line":39,"column":8},"end":{"line":39,"column":64}},"22":{"start":{"line":40,"column":8},"end":{"line":40,"column":34}},"23":{"start":{"line":41,"column":8},"end":{"line":41,"column":38}},"24":{"start":{"line":42,"column":8},"end":{"line":44,"column":9}},"25":{"start":{"line":43,"column":10},"end":{"line":43,"column":35}},"26":{"start":{"line":45,"column":8},"end":{"line":45,"column":15}},"27":{"start":{"line":48,"column":6},"end":{"line":48,"column":59}},"28":{"start":{"line":49,"column":6},"end":{"line":49,"column":51}},"29":{"start":{"line":50,"column":6},"end":{"line":50,"column":119}},"30":{"start":{"line":52,"column":6},"end":{"line":52,"column":65}},"31":{"start":{"line":53,"column":6},"end":{"line":53,"column":32}},"32":{"start":{"line":54,"column":6},"end":{"line":54,"column":36}},"33":{"start":{"line":55,"column":6},"end":{"line":57,"column":7}},"34":{"start":{"line":56,"column":8},"end":{"line":56,"column":33}},"35":{"start":{"line":62,"column":4},"end":{"line":65,"column":5}},"36":{"start":{"line":63,"column":6},"end":{"line":63,"column":54}},"37":{"start":{"line":64,"column":6},"end":{"line":64,"column":18}},"38":{"start":{"line":67,"column":24},"end":{"line":68,"column":null}},"39":{"start":{"line":68,"column":6},"end":{"line":68,"column":67}},"40":{"start":{"line":70,"column":4},"end":{"line":70,"column":59}},"41":{"start":{"line":71,"column":4},"end":{"line":71,"column":23}},"42":{"start":{"line":75,"column":4},"end":{"line":75,"column":59}},"43":{"start":{"line":76,"column":4},"end":{"line":76,"column":32}},"44":{"start":{"line":77,"column":4},"end":{"line":87,"column":5}},"45":{"start":{"line":78,"column":6},"end":{"line":78,"column":36}},"46":{"start":{"line":79,"column":6},"end":{"line":81,"column":7}},"47":{"start":{"line":80,"column":8},"end":{"line":80,"column":33}},"48":{"start":{"line":82,"column":6},"end":{"line":82,"column":55}},"49":{"start":{"line":84,"column":6},"end":{"line":84,"column":59}},"50":{"start":{"line":85,"column":6},"end":{"line":85,"column":51}},"51":{"start":{"line":86,"column":6},"end":{"line":86,"column":79}},"52":{"start":{"line":91,"column":0},"end":{"line":91,"column":30}}},"fnMap":{"0":{"name":"(anonymous_0)","decl":{"start":{"line":11,"column":2},"end":{"line":11,"column":null}},"loc":{"start":{"line":11,"column":2},"end":{"line":29,"column":3}}},"1":{"name":"(anonymous_1)","decl":{"start":{"line":25,"column":44},"end":{"line":25,"column":47}},"loc":{"start":{"line":25,"column":50},"end":{"line":25,"column":91}}},"2":{"name":"(anonymous_2)","decl":{"start":{"line":31,"column":9},"end":{"line":31,"column":29}},"loc":{"start":{"line":31,"column":50},"end":{"line":33,"column":3}}},"3":{"name":"(anonymous_3)","decl":{"start":{"line":35,"column":9},"end":{"line":35,"column":14}},"loc":{"start":{"line":35,"column":19},"end":{"line":59,"column":3}}},"4":{"name":"(anonymous_4)","decl":{"start":{"line":61,"column":10},"end":{"line":61,"column":30}},"loc":{"start":{"line":61,"column":30},"end":{"line":72,"column":3}}},"5":{"name":"(anonymous_5)","decl":{"start":{"line":67,"column":52},"end":{"line":67,"column":53}},"loc":{"start":{"line":68,"column":6},"end":{"line":68,"column":67}}},"6":{"name":"(anonymous_6)","decl":{"start":{"line":74,"column":10},"end":{"line":74,"column":26}},"loc":{"start":{"line":74,"column":43},"end":{"line":88,"column":3}}}},"branchMap":{"0":{"loc":{"start":{"line":13,"column":4},"end":{"line":21,"column":5}},"type":"if","locations":[{"start":{"line":13,"column":4},"end":{"line":21,"column":5}},{"start":{"line":17,"column":11},"end":{"line":21,"column":5}}]},"1":{"loc":{"start":{"line":13,"column":8},"end":{"line":13,"column":63}},"type":"binary-expr","locations":[{"start":{"line":13,"column":8},"end":{"line":13,"column":28}},{"start":{"line":13,"column":32},"end":{"line":13,"column":63}}]},"2":{"loc":{"start":{"line":24,"column":4},"end":{"line":28,"column":5}},"type":"if","locations":[{"start":{"line":24,"column":4},"end":{"line":28,"column":5}},{"start":{"line":26,"column":11},"end":{"line":28,"column":5}}]},"3":{"loc":{"start":{"line":38,"column":6},"end":{"line":46,"column":7}},"type":"if","locations":[{"start":{"line":38,"column":6},"end":{"line":46,"column":7}}]},"4":{"loc":{"start":{"line":38,"column":10},"end":{"line":38,"column":68}},"type":"binary-expr","locations":[{"start":{"line":38,"column":10},"end":{"line":38,"column":31}},{"start":{"line":38,"column":35},"end":{"line":38,"column":68}}]},"5":{"loc":{"start":{"line":42,"column":8},"end":{"line":44,"column":9}},"type":"if","locations":[{"start":{"line":42,"column":8},"end":{"line":44,"column":9}}]},"6":{"loc":{"start":{"line":55,"column":6},"end":{"line":57,"column":7}},"type":"if","locations":[{"start":{"line":55,"column":6},"end":{"line":57,"column":7}}]},"7":{"loc":{"start":{"line":62,"column":4},"end":{"line":65,"column":5}},"type":"if","locations":[{"start":{"line":62,"column":4},"end":{"line":65,"column":5}}]},"8":{"loc":{"start":{"line":62,"column":8},"end":{"line":62,"column":66}},"type":"binary-expr","locations":[{"start":{"line":62,"column":8},"end":{"line":62,"column":29}},{"start":{"line":62,"column":33},"end":{"line":62,"column":66}}]},"9":{"loc":{"start":{"line":68,"column":6},"end":{"line":68,"column":67}},"type":"cond-expr","locations":[{"start":{"line":68,"column":53},"end":{"line":68,"column":60}},{"start":{"line":68,"column":63},"end":{"line":68,"column":67}}]},"10":{"loc":{"start":{"line":77,"column":4},"end":{"line":87,"column":5}},"type":"if","locations":[{"start":{"line":77,"column":4},"end":{"line":87,"column":5}},{"start":{"line":83,"column":11},"end":{"line":87,"column":5}}]},"11":{"loc":{"start":{"line":79,"column":6},"end":{"line":81,"column":7}},"type":"if","locations":[{"start":{"line":79,"column":6},"end":{"line":81,"column":7}}]}},"s":{"0":15,"1":15,"2":15,"3":15,"4":15,"5":15,"6":15,"7":15,"8":15,"9":0,"10":0,"11":0,"12":15,"13":15,"14":0,"15":0,"16":15,"17":0,"18":0,"19":0,"20":0,"21":0,"22":0,"23":0,"24":0,"25":0,"26":0,"27":0,"28":0,"29":0,"30":0,"31":0,"32":0,"33":0,"34":0,"35":0,"36":0,"37":0,"38":0,"39":0,"40":0,"41":0,"42":0,"43":0,"44":0,"45":0,"46":0,"47":0,"48":0,"49":0,"50":0,"51":0,"52":1},"f":{"0":15,"1":0,"2":0,"3":0,"4":0,"5":0,"6":0},"b":{"0":[15,0],"1":[15,15],"2":[0,15],"3":[0],"4":[0,0],"5":[0],"6":[0],"7":[0],"8":[0,0],"9":[0,0],"10":[0,0],"11":[0]}}
,"C:\\Users\\EmmanuelAsaber\\Desktop\\statically-strict-debugger\\js\\advanceSettings.ts": {"path":"C:\\Users\\EmmanuelAsaber\\Desktop\\statically-strict-debugger\\js\\advanceSettings.ts","statementMap":{"0":{"start":{"line":13,"column":57},"end":{"line":13,"column":59}},"1":{"start":{"line":15,"column":2},"end":{"line":19,"column":4}},"2":{"start":{"line":25,"column":4},"end":{"line":30,"column":5}},"3":{"start":{"line":26,"column":6},"end":{"line":26,"column":64}},"4":{"start":{"line":27,"column":6},"end":{"line":27,"column":68}},"5":{"start":{"line":29,"column":6},"end":{"line":29,"column":59}},"6":{"start":{"line":34,"column":24},"end":{"line":34,"column":70}},"7":{"start":{"line":35,"column":4},"end":{"line":38,"column":5}},"8":{"start":{"line":36,"column":6},"end":{"line":36,"column":73}},"9":{"start":{"line":37,"column":6},"end":{"line":37,"column":13}},"10":{"start":{"line":40,"column":21},"end":{"line":40,"column":67}},"11":{"start":{"line":41,"column":22},"end":{"line":41,"column":47}},"12":{"start":{"line":42,"column":4},"end":{"line":45,"column":5}},"13":{"start":{"line":43,"column":6},"end":{"line":43,"column":63}},"14":{"start":{"line":44,"column":6},"end":{"line":44,"column":13}},"15":{"start":{"line":47,"column":27},"end":{"line":47,"column":103}},"16":{"start":{"line":48,"column":4},"end":{"line":51,"column":5}},"17":{"start":{"line":49,"column":6},"end":{"line":49,"column":60}},"18":{"start":{"line":50,"column":6},"end":{"line":50,"column":13}},"19":{"start":{"line":53,"column":4},"end":{"line":63,"column":6}},"20":{"start":{"line":64,"column":4},"end":{"line":64,"column":46}},"21":{"start":{"line":65,"column":4},"end":{"line":65,"column":72}},"22":{"start":{"line":69,"column":27},"end":{"line":69,"column":103}},"23":{"start":{"line":70,"column":4},"end":{"line":74,"column":5}},"24":{"start":{"line":71,"column":6},"end":{"line":71,"column":45}},"25":{"start":{"line":72,"column":6},"end":{"line":72,"column":36}},"26":{"start":{"line":73,"column":6},"end":{"line":73,"column":52}},"27":{"start":{"line":78,"column":18},"end":{"line":78,"column":64}},"28":{"start":{"line":79,"column":4},"end":{"line":79,"column":23}},"29":{"start":{"line":79,"column":16},"end":{"line":79,"column":23}},"30":{"start":{"line":81,"column":24},"end":{"line":81,"column":84}},"31":{"start":{"line":82,"column":25},"end":{"line":82,"column":86}},"32":{"start":{"line":83,"column":4},"end":{"line":93,"column":5}},"33":{"start":{"line":84,"column":6},"end":{"line":84,"column":35}},"34":{"start":{"line":85,"column":6},"end":{"line":85,"column":36}},"35":{"start":{"line":86,"column":6},"end":{"line":91,"column":8}},"36":{"start":{"line":92,"column":6},"end":{"line":92,"column":66}},"37":{"start":{"line":97,"column":18},"end":{"line":97,"column":64}},"38":{"start":{"line":98,"column":4},"end":{"line":98,"column":23}},"39":{"start":{"line":98,"column":16},"end":{"line":98,"column":23}},"40":{"start":{"line":100,"column":24},"end":{"line":100,"column":84}},"41":{"start":{"line":101,"column":21},"end":{"line":101,"column":109}},"42":{"start":{"line":102,"column":4},"end":{"line":108,"column":5}},"43":{"start":{"line":103,"column":6},"end":{"line":103,"column":59}},"44":{"start":{"line":104,"column":6},"end":{"line":104,"column":34}},"45":{"start":{"line":105,"column":6},"end":{"line":105,"column":55}},"46":{"start":{"line":106,"column":6},"end":{"line":106,"column":57}},"47":{"start":{"line":107,"column":6},"end":{"line":107,"column":76}},"48":{"start":{"line":112,"column":18},"end":{"line":112,"column":64}},"49":{"start":{"line":113,"column":4},"end":{"line":113,"column":23}},"50":{"start":{"line":113,"column":16},"end":{"line":113,"column":23}},"51":{"start":{"line":115,"column":25},"end":{"line":115,"column":86}},"52":{"start":{"line":116,"column":21},"end":{"line":116,"column":109}},"53":{"start":{"line":117,"column":4},"end":{"line":123,"column":5}},"54":{"start":{"line":118,"column":6},"end":{"line":118,"column":61}},"55":{"start":{"line":119,"column":6},"end":{"line":119,"column":35}},"56":{"start":{"line":120,"column":6},"end":{"line":120,"column":56}},"57":{"start":{"line":121,"column":6},"end":{"line":121,"column":58}},"58":{"start":{"line":122,"column":6},"end":{"line":122,"column":78}},"59":{"start":{"line":127,"column":18},"end":{"line":127,"column":64}},"60":{"start":{"line":128,"column":4},"end":{"line":128,"column":23}},"61":{"start":{"line":128,"column":16},"end":{"line":128,"column":23}},"62":{"start":{"line":130,"column":18},"end":{"line":130,"column":74}},"63":{"start":{"line":131,"column":4},"end":{"line":136,"column":5}},"64":{"start":{"line":132,"column":6},"end":{"line":132,"column":28}},"65":{"start":{"line":133,"column":6},"end":{"line":133,"column":56}},"66":{"start":{"line":134,"column":6},"end":{"line":134,"column":58}},"67":{"start":{"line":135,"column":6},"end":{"line":135,"column":61}},"68":{"start":{"line":140,"column":0},"end":{"line":140,"column":31}}},"fnMap":{"0":{"name":"(anonymous_0)","decl":{"start":{"line":14,"column":7},"end":{"line":14,"column":23}},"loc":{"start":{"line":14,"column":67},"end":{"line":20,"column":1}}},"1":{"name":"(anonymous_1)","decl":{"start":{"line":24,"column":9},"end":{"line":24,"column":28}},"loc":{"start":{"line":24,"column":53},"end":{"line":31,"column":3}}},"2":{"name":"(anonymous_2)","decl":{"start":{"line":33,"column":9},"end":{"line":33,"column":19}},"loc":{"start":{"line":33,"column":39},"end":{"line":66,"column":3}}},"3":{"name":"(anonymous_3)","decl":{"start":{"line":68,"column":9},"end":{"line":68,"column":24}},"loc":{"start":{"line":68,"column":24},"end":{"line":75,"column":3}}},"4":{"name":"(anonymous_4)","decl":{"start":{"line":77,"column":9},"end":{"line":77,"column":29}},"loc":{"start":{"line":77,"column":49},"end":{"line":94,"column":3}}},"5":{"name":"(anonymous_5)","decl":{"start":{"line":96,"column":9},"end":{"line":96,"column":35}},"loc":{"start":{"line":96,"column":55},"end":{"line":109,"column":3}}},"6":{"name":"(anonymous_6)","decl":{"start":{"line":111,"column":9},"end":{"line":111,"column":36}},"loc":{"start":{"line":111,"column":56},"end":{"line":124,"column":3}}},"7":{"name":"(anonymous_7)","decl":{"start":{"line":126,"column":9},"end":{"line":126,"column":31}},"loc":{"start":{"line":126,"column":69},"end":{"line":137,"column":3}}}},"branchMap":{"0":{"loc":{"start":{"line":16,"column":4},"end":{"line":18,"column":36}},"type":"binary-expr","locations":[{"start":{"line":16,"column":4},"end":{"line":16,"column":13}},{"start":{"line":17,"column":4},"end":{"line":17,"column":38}},{"start":{"line":18,"column":4},"end":{"line":18,"column":36}}]},"1":{"loc":{"start":{"line":25,"column":4},"end":{"line":30,"column":5}},"type":"if","locations":[{"start":{"line":25,"column":4},"end":{"line":30,"column":5}},{"start":{"line":28,"column":11},"end":{"line":30,"column":5}}]},"2":{"loc":{"start":{"line":35,"column":4},"end":{"line":38,"column":5}},"type":"if","locations":[{"start":{"line":35,"column":4},"end":{"line":38,"column":5}}]},"3":{"loc":{"start":{"line":42,"column":4},"end":{"line":45,"column":5}},"type":"if","locations":[{"start":{"line":42,"column":4},"end":{"line":45,"column":5}}]},"4":{"loc":{"start":{"line":48,"column":4},"end":{"line":51,"column":5}},"type":"if","locations":[{"start":{"line":48,"column":4},"end":{"line":51,"column":5}}]},"5":{"loc":{"start":{"line":70,"column":4},"end":{"line":74,"column":5}},"type":"if","locations":[{"start":{"line":70,"column":4},"end":{"line":74,"column":5}}]},"6":{"loc":{"start":{"line":79,"column":4},"end":{"line":79,"column":23}},"type":"if","locations":[{"start":{"line":79,"column":4},"end":{"line":79,"column":23}}]},"7":{"loc":{"start":{"line":83,"column":4},"end":{"line":93,"column":5}},"type":"if","locations":[{"start":{"line":83,"column":4},"end":{"line":93,"column":5}}]},"8":{"loc":{"start":{"line":83,"column":8},"end":{"line":83,"column":35}},"type":"binary-expr","locations":[{"start":{"line":83,"column":8},"end":{"line":83,"column":19}},{"start":{"line":83,"column":23},"end":{"line":83,"column":35}}]},"9":{"loc":{"start":{"line":98,"column":4},"end":{"line":98,"column":23}},"type":"if","locations":[{"start":{"line":98,"column":4},"end":{"line":98,"column":23}}]},"10":{"loc":{"start":{"line":102,"column":4},"end":{"line":108,"column":5}},"type":"if","locations":[{"start":{"line":102,"column":4},"end":{"line":108,"column":5}}]},"11":{"loc":{"start":{"line":102,"column":8},"end":{"line":102,"column":60}},"type":"binary-expr","locations":[{"start":{"line":102,"column":8},"end":{"line":102,"column":19}},{"start":{"line":102,"column":23},"end":{"line":102,"column":31}},{"start":{"line":102,"column":35},"end":{"line":102,"column":60}}]},"12":{"loc":{"start":{"line":113,"column":4},"end":{"line":113,"column":23}},"type":"if","locations":[{"start":{"line":113,"column":4},"end":{"line":113,"column":23}}]},"13":{"loc":{"start":{"line":117,"column":4},"end":{"line":123,"column":5}},"type":"if","locations":[{"start":{"line":117,"column":4},"end":{"line":123,"column":5}}]},"14":{"loc":{"start":{"line":117,"column":8},"end":{"line":117,"column":61}},"type":"binary-expr","locations":[{"start":{"line":117,"column":8},"end":{"line":117,"column":20}},{"start":{"line":117,"column":24},"end":{"line":117,"column":32}},{"start":{"line":117,"column":36},"end":{"line":117,"column":61}}]},"15":{"loc":{"start":{"line":128,"column":4},"end":{"line":128,"column":23}},"type":"if","locations":[{"start":{"line":128,"column":4},"end":{"line":128,"column":23}}]},"16":{"loc":{"start":{"line":131,"column":4},"end":{"line":136,"column":5}},"type":"if","locations":[{"start":{"line":131,"column":4},"end":{"line":136,"column":5}}]}},"s":{"0":15,"1":13,"2":0,"3":0,"4":0,"5":0,"6":0,"7":0,"8":0,"9":0,"10":0,"11":0,"12":0,"13":0,"14":0,"15":0,"16":0,"17":0,"18":0,"19":0,"20":0,"21":0,"22":0,"23":0,"24":0,"25":0,"26":0,"27":0,"28":0,"29":0,"30":0,"31":0,"32":0,"33":0,"34":0,"35":0,"36":0,"37":0,"38":0,"39":0,"40":0,"41":0,"42":0,"43":0,"44":0,"45":0,"46":0,"47":0,"48":0,"49":0,"50":0,"51":0,"52":0,"53":0,"54":0,"55":0,"56":0,"57":0,"58":0,"59":0,"60":0,"61":0,"62":0,"63":0,"64":0,"65":0,"66":0,"67":0,"68":1},"f":{"0":13,"1":0,"2":0,"3":0,"4":0,"5":0,"6":0,"7":0},"b":{"0":[13,12,6],"1":[0,0],"2":[0],"3":[0],"4":[0],"5":[0],"6":[0],"7":[0],"8":[0,0],"9":[0],"10":[0],"11":[0,0,0],"12":[0],"13":[0],"14":[0,0,0],"15":[0],"16":[0]}}
,"C:\\Users\\EmmanuelAsaber\\Desktop\\statically-strict-debugger\\js\\basicSettings.ts": {"path":"C:\\Users\\EmmanuelAsaber\\Desktop\\statically-strict-debugger\\js\\basicSettings.ts","statementMap":{"0":{"start":{"line":19,"column":4},"end":{"line":19,"column":41}},"1":{"start":{"line":20,"column":4},"end":{"line":29,"column":6}},"2":{"start":{"line":33,"column":4},"end":{"line":33,"column":51}},"3":{"start":{"line":37,"column":22},"end":{"line":37,"column":66}},"4":{"start":{"line":38,"column":4},"end":{"line":40,"column":5}},"5":{"start":{"line":39,"column":6},"end":{"line":39,"column":37}},"6":{"start":{"line":44,"column":4},"end":{"line":47,"column":5}},"7":{"start":{"line":45,"column":6},"end":{"line":45,"column":104}},"8":{"start":{"line":46,"column":6},"end":{"line":46,"column":13}},"9":{"start":{"line":49,"column":24},"end":{"line":49,"column":71}},"10":{"start":{"line":50,"column":4},"end":{"line":53,"column":5}},"11":{"start":{"line":51,"column":6},"end":{"line":51,"column":62}},"12":{"start":{"line":52,"column":6},"end":{"line":52,"column":13}},"13":{"start":{"line":55,"column":21},"end":{"line":55,"column":66}},"14":{"start":{"line":56,"column":22},"end":{"line":56,"column":49}},"15":{"start":{"line":57,"column":4},"end":{"line":60,"column":5}},"16":{"start":{"line":58,"column":6},"end":{"line":58,"column":63}},"17":{"start":{"line":59,"column":6},"end":{"line":59,"column":13}},"18":{"start":{"line":62,"column":4},"end":{"line":62,"column":47}},"19":{"start":{"line":63,"column":27},"end":{"line":63,"column":96}},"20":{"start":{"line":64,"column":4},"end":{"line":71,"column":5}},"21":{"start":{"line":65,"column":25},"end":{"line":65,"column":89}},"22":{"start":{"line":66,"column":26},"end":{"line":66,"column":95}},"23":{"start":{"line":67,"column":6},"end":{"line":67,"column":74}},"24":{"start":{"line":68,"column":6},"end":{"line":68,"column":116}},"25":{"start":{"line":70,"column":6},"end":{"line":70,"column":67}},"26":{"start":{"line":73,"column":4},"end":{"line":77,"column":6}},"27":{"start":{"line":81,"column":4},"end":{"line":84,"column":5}},"28":{"start":{"line":82,"column":6},"end":{"line":82,"column":108}},"29":{"start":{"line":83,"column":6},"end":{"line":83,"column":13}},"30":{"start":{"line":86,"column":24},"end":{"line":86,"column":70}},"31":{"start":{"line":87,"column":4},"end":{"line":90,"column":5}},"32":{"start":{"line":88,"column":6},"end":{"line":88,"column":56}},"33":{"start":{"line":89,"column":6},"end":{"line":89,"column":13}},"34":{"start":{"line":92,"column":21},"end":{"line":92,"column":66}},"35":{"start":{"line":93,"column":22},"end":{"line":93,"column":49}},"36":{"start":{"line":94,"column":4},"end":{"line":97,"column":5}},"37":{"start":{"line":95,"column":6},"end":{"line":95,"column":63}},"38":{"start":{"line":96,"column":6},"end":{"line":96,"column":13}},"39":{"start":{"line":100,"column":4},"end":{"line":114,"column":5}},"40":{"start":{"line":101,"column":6},"end":{"line":101,"column":33}},"41":{"start":{"line":102,"column":26},"end":{"line":102,"column":90}},"42":{"start":{"line":103,"column":6},"end":{"line":113,"column":7}},"43":{"start":{"line":104,"column":31},"end":{"line":104,"column":90}},"44":{"start":{"line":105,"column":8},"end":{"line":109,"column":9}},"45":{"start":{"line":106,"column":29},"end":{"line":106,"column":93}},"46":{"start":{"line":107,"column":10},"end":{"line":107,"column":42}},"47":{"start":{"line":108,"column":10},"end":{"line":108,"column":92}},"48":{"start":{"line":110,"column":8},"end":{"line":110,"column":98}},"49":{"start":{"line":112,"column":8},"end":{"line":112,"column":85}},"50":{"start":{"line":116,"column":4},"end":{"line":116,"column":51}},"51":{"start":{"line":117,"column":4},"end":{"line":117,"column":25}},"52":{"start":{"line":118,"column":31},"end":{"line":118,"column":78}},"53":{"start":{"line":119,"column":4},"end":{"line":121,"column":5}},"54":{"start":{"line":120,"column":6},"end":{"line":120,"column":45}},"55":{"start":{"line":123,"column":4},"end":{"line":127,"column":6}},"56":{"start":{"line":131,"column":25},"end":{"line":131,"column":54}},"57":{"start":{"line":132,"column":4},"end":{"line":132,"column":44}},"58":{"start":{"line":133,"column":4},"end":{"line":133,"column":39}},"59":{"start":{"line":134,"column":21},"end":{"line":134,"column":51}},"60":{"start":{"line":135,"column":4},"end":{"line":135,"column":37}},"61":{"start":{"line":136,"column":4},"end":{"line":136,"column":31}},"62":{"start":{"line":137,"column":4},"end":{"line":137,"column":39}},"63":{"start":{"line":138,"column":4},"end":{"line":138,"column":60}},"64":{"start":{"line":140,"column":4},"end":{"line":142,"column":13}},"65":{"start":{"line":141,"column":6},"end":{"line":141,"column":28}},"66":{"start":{"line":146,"column":4},"end":{"line":154,"column":7}},"67":{"start":{"line":147,"column":21},"end":{"line":147,"column":44}},"68":{"start":{"line":148,"column":6},"end":{"line":153,"column":7}},"69":{"start":{"line":149,"column":29},"end":{"line":149,"column":49}},"70":{"start":{"line":150,"column":8},"end":{"line":152,"column":9}},"71":{"start":{"line":151,"column":10},"end":{"line":151,"column":32}},"72":{"start":{"line":158,"column":0},"end":{"line":158,"column":21}}},"fnMap":{"0":{"name":"(anonymous_0)","decl":{"start":{"line":18,"column":2},"end":{"line":18,"column":14}},"loc":{"start":{"line":18,"column":44},"end":{"line":30,"column":3}}},"1":{"name":"(anonymous_1)","decl":{"start":{"line":32,"column":2},"end":{"line":32,"column":14}},"loc":{"start":{"line":32,"column":27},"end":{"line":34,"column":3}}},"2":{"name":"(anonymous_2)","decl":{"start":{"line":36,"column":2},"end":{"line":36,"column":21}},"loc":{"start":{"line":36,"column":41},"end":{"line":41,"column":3}}},"3":{"name":"(anonymous_3)","decl":{"start":{"line":43,"column":2},"end":{"line":43,"column":19}},"loc":{"start":{"line":43,"column":40},"end":{"line":78,"column":3}}},"4":{"name":"(anonymous_4)","decl":{"start":{"line":80,"column":2},"end":{"line":80,"column":28}},"loc":{"start":{"line":80,"column":68},"end":{"line":128,"column":3}}},"5":{"name":"(anonymous_5)","decl":{"start":{"line":130,"column":2},"end":{"line":130,"column":21}},"loc":{"start":{"line":130,"column":87},"end":{"line":143,"column":3}}},"6":{"name":"(anonymous_6)","decl":{"start":{"line":140,"column":15},"end":{"line":140,"column":18}},"loc":{"start":{"line":140,"column":20},"end":{"line":142,"column":5}}},"7":{"name":"(anonymous_7)","decl":{"start":{"line":145,"column":2},"end":{"line":145,"column":24}},"loc":{"start":{"line":145,"column":24},"end":{"line":155,"column":3}}},"8":{"name":"(anonymous_8)","decl":{"start":{"line":146,"column":39},"end":{"line":146,"column":40}},"loc":{"start":{"line":146,"column":52},"end":{"line":154,"column":5}}}},"branchMap":{"0":{"loc":{"start":{"line":38,"column":4},"end":{"line":40,"column":5}},"type":"if","locations":[{"start":{"line":38,"column":4},"end":{"line":40,"column":5}}]},"1":{"loc":{"start":{"line":44,"column":4},"end":{"line":47,"column":5}},"type":"if","locations":[{"start":{"line":44,"column":4},"end":{"line":47,"column":5}}]},"2":{"loc":{"start":{"line":44,"column":8},"end":{"line":44,"column":83}},"type":"binary-expr","locations":[{"start":{"line":44,"column":8},"end":{"line":44,"column":41}},{"start":{"line":44,"column":45},"end":{"line":44,"column":83}}]},"3":{"loc":{"start":{"line":50,"column":4},"end":{"line":53,"column":5}},"type":"if","locations":[{"start":{"line":50,"column":4},"end":{"line":53,"column":5}}]},"4":{"loc":{"start":{"line":57,"column":4},"end":{"line":60,"column":5}},"type":"if","locations":[{"start":{"line":57,"column":4},"end":{"line":60,"column":5}}]},"5":{"loc":{"start":{"line":64,"column":4},"end":{"line":71,"column":5}},"type":"if","locations":[{"start":{"line":64,"column":4},"end":{"line":71,"column":5}},{"start":{"line":69,"column":11},"end":{"line":71,"column":5}}]},"6":{"loc":{"start":{"line":65,"column":25},"end":{"line":65,"column":89}},"type":"binary-expr","locations":[{"start":{"line":65,"column":25},"end":{"line":65,"column":55}},{"start":{"line":65,"column":59},"end":{"line":65,"column":89}}]},"7":{"loc":{"start":{"line":66,"column":26},"end":{"line":66,"column":95}},"type":"binary-expr","locations":[{"start":{"line":66,"column":26},"end":{"line":66,"column":57}},{"start":{"line":66,"column":61},"end":{"line":66,"column":95}}]},"8":{"loc":{"start":{"line":67,"column":27},"end":{"line":67,"column":73}},"type":"cond-expr","locations":[{"start":{"line":67,"column":49},"end":{"line":67,"column":59}},{"start":{"line":67,"column":62},"end":{"line":67,"column":73}}]},"9":{"loc":{"start":{"line":68,"column":50},"end":{"line":68,"column":84}},"type":"cond-expr","locations":[{"start":{"line":68,"column":72},"end":{"line":68,"column":76}},{"start":{"line":68,"column":79},"end":{"line":68,"column":84}}]},"10":{"loc":{"start":{"line":74,"column":40},"end":{"line":74,"column":74}},"type":"cond-expr","locations":[{"start":{"line":74,"column":62},"end":{"line":74,"column":66}},{"start":{"line":74,"column":69},"end":{"line":74,"column":74}}]},"11":{"loc":{"start":{"line":81,"column":4},"end":{"line":84,"column":5}},"type":"if","locations":[{"start":{"line":81,"column":4},"end":{"line":84,"column":5}}]},"12":{"loc":{"start":{"line":81,"column":8},"end":{"line":81,"column":83}},"type":"binary-expr","locations":[{"start":{"line":81,"column":8},"end":{"line":81,"column":41}},{"start":{"line":81,"column":45},"end":{"line":81,"column":83}}]},"13":{"loc":{"start":{"line":87,"column":4},"end":{"line":90,"column":5}},"type":"if","locations":[{"start":{"line":87,"column":4},"end":{"line":90,"column":5}}]},"14":{"loc":{"start":{"line":94,"column":4},"end":{"line":97,"column":5}},"type":"if","locations":[{"start":{"line":94,"column":4},"end":{"line":97,"column":5}}]},"15":{"loc":{"start":{"line":100,"column":4},"end":{"line":114,"column":5}},"type":"if","locations":[{"start":{"line":100,"column":4},"end":{"line":114,"column":5}}]},"16":{"loc":{"start":{"line":103,"column":6},"end":{"line":113,"column":7}},"type":"if","locations":[{"start":{"line":103,"column":6},"end":{"line":113,"column":7}},{"start":{"line":111,"column":13},"end":{"line":113,"column":7}}]},"17":{"loc":{"start":{"line":105,"column":8},"end":{"line":109,"column":9}},"type":"if","locations":[{"start":{"line":105,"column":8},"end":{"line":109,"column":9}}]},"18":{"loc":{"start":{"line":106,"column":29},"end":{"line":106,"column":93}},"type":"binary-expr","locations":[{"start":{"line":106,"column":29},"end":{"line":106,"column":59}},{"start":{"line":106,"column":63},"end":{"line":106,"column":93}}]},"19":{"loc":{"start":{"line":119,"column":4},"end":{"line":121,"column":5}},"type":"if","locations":[{"start":{"line":119,"column":4},"end":{"line":121,"column":5}}]},"20":{"loc":{"start":{"line":148,"column":6},"end":{"line":153,"column":7}},"type":"if","locations":[{"start":{"line":148,"column":6},"end":{"line":153,"column":7}}]},"21":{"loc":{"start":{"line":150,"column":8},"end":{"line":152,"column":9}},"type":"if","locations":[{"start":{"line":150,"column":8},"end":{"line":152,"column":9}}]}},"s":{"0":15,"1":15,"2":2,"3":0,"4":0,"5":0,"6":0,"7":0,"8":0,"9":0,"10":0,"11":0,"12":0,"13":0,"14":0,"15":0,"16":0,"17":0,"18":0,"19":0,"20":0,"21":0,"22":0,"23":0,"24":0,"25":0,"26":0,"27":0,"28":0,"29":0,"30":0,"31":0,"32":0,"33":0,"34":0,"35":0,"36":0,"37":0,"38":0,"39":0,"40":0,"41":0,"42":0,"43":0,"44":0,"45":0,"46":0,"47":0,"48":0,"49":0,"50":0,"51":0,"52":0,"53":0,"54":0,"55":0,"56":0,"57":0,"58":0,"59":0,"60":0,"61":0,"62":0,"63":0,"64":0,"65":0,"66":0,"67":0,"68":0,"69":0,"70":0,"71":0,"72":1},"f":{"0":15,"1":2,"2":0,"3":0,"4":0,"5":0,"6":0,"7":0,"8":0},"b":{"0":[0],"1":[0],"2":[0,0],"3":[0],"4":[0],"5":[0,0],"6":[0,0],"7":[0,0],"8":[0,0],"9":[0,0],"10":[0,0],"11":[0],"12":[0,0],"13":[0],"14":[0],"15":[0],"16":[0,0],"17":[0],"18":[0,0],"19":[0],"20":[0],"21":[0]}}
}
