{"C:\\Users\\EmmanuelAsaber\\Desktop\\statically-strict-debugger\\src\\basicSettings.ts": {"path":"C:\\Users\\EmmanuelAsaber\\Desktop\\statically-strict-debugger\\src\\basicSettings.ts","statementMap":{"0":{"start":{"line":3,"column":0},"end":{"line":3,"column":32}},"1":{"start":{"line":16,"column":4},"end":{"line":16,"column":12}},"2":{"start":{"line":17,"column":4},"end":{"line":17,"column":34}},"3":{"start":{"line":21,"column":4},"end":{"line":29,"column":6}},"4":{"start":{"line":33,"column":33},"end":{"line":33,"column":95}},"5":{"start":{"line":34,"column":4},"end":{"line":47,"column":5}},"6":{"start":{"line":35,"column":29},"end":{"line":35,"column":90}},"7":{"start":{"line":36,"column":6},"end":{"line":38,"column":7}},"8":{"start":{"line":37,"column":8},"end":{"line":37,"column":45}},"9":{"start":{"line":39,"column":6},"end":{"line":41,"column":7}},"10":{"start":{"line":40,"column":8},"end":{"line":40,"column":45}},"11":{"start":{"line":42,"column":6},"end":{"line":45,"column":36}},"12":{"start":{"line":43,"column":8},"end":{"line":43,"column":38}},"13":{"start":{"line":44,"column":8},"end":{"line":44,"column":38}},"14":{"start":{"line":46,"column":6},"end":{"line":46,"column":13}},"15":{"start":{"line":48,"column":17},"end":{"line":48,"column":43}},"16":{"start":{"line":49,"column":4},"end":{"line":49,"column":47}},"17":{"start":{"line":50,"column":32},"end":{"line":50,"column":98}},"18":{"start":{"line":51,"column":24},"end":{"line":51,"column":101}},"19":{"start":{"line":52,"column":4},"end":{"line":60,"column":5}},"20":{"start":{"line":53,"column":6},"end":{"line":59,"column":9}},"21":{"start":{"line":54,"column":8},"end":{"line":54,"column":37}},"22":{"start":{"line":55,"column":8},"end":{"line":58,"column":9}},"23":{"start":{"line":56,"column":10},"end":{"line":56,"column":47}},"24":{"start":{"line":57,"column":10},"end":{"line":57,"column":40}},"25":{"start":{"line":61,"column":4},"end":{"line":64,"column":34}},"26":{"start":{"line":62,"column":6},"end":{"line":62,"column":35}},"27":{"start":{"line":63,"column":6},"end":{"line":63,"column":36}},"28":{"start":{"line":68,"column":4},"end":{"line":70,"column":13}},"29":{"start":{"line":69,"column":6},"end":{"line":69,"column":23}},"30":{"start":{"line":74,"column":4},"end":{"line":74,"column":75}},"31":{"start":{"line":75,"column":4},"end":{"line":75,"column":88}},"32":{"start":{"line":79,"column":4},"end":{"line":79,"column":79}},"33":{"start":{"line":80,"column":4},"end":{"line":80,"column":84}},"34":{"start":{"line":89,"column":17},"end":{"line":89,"column":66}},"35":{"start":{"line":90,"column":26},"end":{"line":90,"column":55}},"36":{"start":{"line":91,"column":25},"end":{"line":91,"column":88}},"37":{"start":{"line":92,"column":23},"end":{"line":92,"column":107}},"38":{"start":{"line":93,"column":4},"end":{"line":93,"column":61}},"39":{"start":{"line":97,"column":67},"end":{"line":97,"column":115}},"40":{"start":{"line":98,"column":19},"end":{"line":98,"column":116}},"41":{"start":{"line":100,"column":4},"end":{"line":100,"column":70}},"42":{"start":{"line":100,"column":63},"end":{"line":100,"column":70}},"43":{"start":{"line":102,"column":4},"end":{"line":105,"column":5}},"44":{"start":{"line":103,"column":6},"end":{"line":103,"column":151}},"45":{"start":{"line":104,"column":6},"end":{"line":104,"column":13}},"46":{"start":{"line":107,"column":4},"end":{"line":107,"column":47}},"47":{"start":{"line":109,"column":4},"end":{"line":119,"column":5}},"48":{"start":{"line":110,"column":6},"end":{"line":110,"column":39}},"49":{"start":{"line":111,"column":6},"end":{"line":111,"column":93}},"50":{"start":{"line":112,"column":29},"end":{"line":112,"column":58}},"51":{"start":{"line":113,"column":6},"end":{"line":113,"column":60}},"52":{"start":{"line":114,"column":6},"end":{"line":114,"column":57}},"53":{"start":{"line":116,"column":6},"end":{"line":116,"column":40}},"54":{"start":{"line":117,"column":6},"end":{"line":117,"column":47}},"55":{"start":{"line":118,"column":6},"end":{"line":118,"column":25}},"56":{"start":{"line":121,"column":4},"end":{"line":125,"column":5}},"57":{"start":{"line":122,"column":21},"end":{"line":122,"column":69}},"58":{"start":{"line":123,"column":22},"end":{"line":123,"column":60}},"59":{"start":{"line":124,"column":6},"end":{"line":124,"column":100}},"60":{"start":{"line":129,"column":26},"end":{"line":129,"column":95}},"61":{"start":{"line":130,"column":25},"end":{"line":130,"column":30}},"62":{"start":{"line":132,"column":4},"end":{"line":152,"column":7}},"63":{"start":{"line":133,"column":69},"end":{"line":133,"column":110}},"64":{"start":{"line":134,"column":21},"end":{"line":134,"column":111}},"65":{"start":{"line":136,"column":6},"end":{"line":136,"column":72}},"66":{"start":{"line":136,"column":65},"end":{"line":136,"column":72}},"67":{"start":{"line":138,"column":6},"end":{"line":151,"column":7}},"68":{"start":{"line":139,"column":8},"end":{"line":139,"column":35}},"69":{"start":{"line":140,"column":8},"end":{"line":140,"column":41}},"70":{"start":{"line":141,"column":8},"end":{"line":141,"column":95}},"71":{"start":{"line":142,"column":31},"end":{"line":142,"column":60}},"72":{"start":{"line":143,"column":8},"end":{"line":143,"column":62}},"73":{"start":{"line":144,"column":8},"end":{"line":144,"column":59}},"74":{"start":{"line":145,"column":8},"end":{"line":145,"column":30}},"75":{"start":{"line":146,"column":13},"end":{"line":151,"column":7}},"76":{"start":{"line":147,"column":8},"end":{"line":147,"column":36}},"77":{"start":{"line":148,"column":8},"end":{"line":148,"column":42}},"78":{"start":{"line":149,"column":8},"end":{"line":149,"column":49}},"79":{"start":{"line":150,"column":8},"end":{"line":150,"column":27}},"80":{"start":{"line":154,"column":4},"end":{"line":154,"column":26}},"81":{"start":{"line":158,"column":42},"end":{"line":158,"column":79}},"82":{"start":{"line":159,"column":24},"end":{"line":159,"column":102}},"83":{"start":{"line":161,"column":4},"end":{"line":161,"column":86}},"84":{"start":{"line":161,"column":79},"end":{"line":161,"column":86}},"85":{"start":{"line":163,"column":4},"end":{"line":163,"column":45}},"86":{"start":{"line":164,"column":4},"end":{"line":164,"column":44}},"87":{"start":{"line":166,"column":27},"end":{"line":166,"column":41}},"88":{"start":{"line":167,"column":4},"end":{"line":167,"column":78}},"89":{"start":{"line":168,"column":4},"end":{"line":168,"column":74}},"90":{"start":{"line":172,"column":29},"end":{"line":172,"column":77}},"91":{"start":{"line":174,"column":4},"end":{"line":174,"column":30}},"92":{"start":{"line":174,"column":23},"end":{"line":174,"column":30}},"93":{"start":{"line":176,"column":4},"end":{"line":180,"column":5}},"94":{"start":{"line":177,"column":6},"end":{"line":177,"column":39}},"95":{"start":{"line":179,"column":6},"end":{"line":179,"column":40}},"96":{"start":{"line":184,"column":0},"end":{"line":184,"column":21}}},"fnMap":{"0":{"name":"(anonymous_1)","decl":{"start":{"line":15,"column":2},"end":{"line":15,"column":null}},"loc":{"start":{"line":15,"column":2},"end":{"line":18,"column":3}}},"1":{"name":"(anonymous_2)","decl":{"start":{"line":20,"column":2},"end":{"line":20,"column":14}},"loc":{"start":{"line":20,"column":30},"end":{"line":30,"column":3}}},"2":{"name":"(anonymous_3)","decl":{"start":{"line":32,"column":2},"end":{"line":32,"column":21}},"loc":{"start":{"line":32,"column":87},"end":{"line":65,"column":3}}},"3":{"name":"(anonymous_4)","decl":{"start":{"line":42,"column":42},"end":{"line":42,"column":45}},"loc":{"start":{"line":42,"column":47},"end":{"line":45,"column":7}}},"4":{"name":"(anonymous_5)","decl":{"start":{"line":53,"column":44},"end":{"line":53,"column":47}},"loc":{"start":{"line":53,"column":49},"end":{"line":59,"column":7}}},"5":{"name":"(anonymous_6)","decl":{"start":{"line":61,"column":40},"end":{"line":61,"column":43}},"loc":{"start":{"line":61,"column":45},"end":{"line":64,"column":5}}},"6":{"name":"(anonymous_7)","decl":{"start":{"line":67,"column":2},"end":{"line":67,"column":20}},"loc":{"start":{"line":67,"column":41},"end":{"line":71,"column":3}}},"7":{"name":"(anonymous_8)","decl":{"start":{"line":68,"column":15},"end":{"line":68,"column":18}},"loc":{"start":{"line":68,"column":20},"end":{"line":70,"column":5}}},"8":{"name":"(anonymous_9)","decl":{"start":{"line":73,"column":2},"end":{"line":73,"column":15}},"loc":{"start":{"line":73,"column":52},"end":{"line":76,"column":3}}},"9":{"name":"(anonymous_10)","decl":{"start":{"line":78,"column":2},"end":{"line":78,"column":16}},"loc":{"start":{"line":78,"column":53},"end":{"line":81,"column":3}}},"10":{"name":"(anonymous_11)","decl":{"start":{"line":83,"column":2},"end":{"line":83,"column":25}},"loc":{"start":{"line":83,"column":57},"end":{"line":94,"column":3}}},"11":{"name":"(anonymous_12)","decl":{"start":{"line":96,"column":2},"end":{"line":96,"column":19}},"loc":{"start":{"line":96,"column":84},"end":{"line":126,"column":3}}},"12":{"name":"(anonymous_13)","decl":{"start":{"line":128,"column":2},"end":{"line":128,"column":17}},"loc":{"start":{"line":128,"column":33},"end":{"line":155,"column":3}}},"13":{"name":"(anonymous_14)","decl":{"start":{"line":132,"column":26},"end":{"line":132,"column":27}},"loc":{"start":{"line":132,"column":42},"end":{"line":152,"column":5}}},"14":{"name":"(anonymous_15)","decl":{"start":{"line":157,"column":2},"end":{"line":157,"column":28}},"loc":{"start":{"line":157,"column":73},"end":{"line":169,"column":3}}},"15":{"name":"(anonymous_16)","decl":{"start":{"line":171,"column":2},"end":{"line":171,"column":13}},"loc":{"start":{"line":171,"column":65},"end":{"line":181,"column":3}}}},"branchMap":{"0":{"loc":{"start":{"line":34,"column":4},"end":{"line":47,"column":5}},"type":"if","locations":[{"start":{"line":34,"column":4},"end":{"line":47,"column":5}}]},"1":{"loc":{"start":{"line":36,"column":6},"end":{"line":38,"column":7}},"type":"if","locations":[{"start":{"line":36,"column":6},"end":{"line":38,"column":7}}]},"2":{"loc":{"start":{"line":39,"column":6},"end":{"line":41,"column":7}},"type":"if","locations":[{"start":{"line":39,"column":6},"end":{"line":41,"column":7}}]},"3":{"loc":{"start":{"line":52,"column":4},"end":{"line":60,"column":5}},"type":"if","locations":[{"start":{"line":52,"column":4},"end":{"line":60,"column":5}}]},"4":{"loc":{"start":{"line":55,"column":8},"end":{"line":58,"column":9}},"type":"if","locations":[{"start":{"line":55,"column":8},"end":{"line":58,"column":9}}]},"5":{"loc":{"start":{"line":90,"column":44},"end":{"line":90,"column":54}},"type":"binary-expr","locations":[{"start":{"line":90,"column":44},"end":{"line":90,"column":48}},{"start":{"line":90,"column":52},"end":{"line":90,"column":54}}]},"6":{"loc":{"start":{"line":96,"column":53},"end":{"line":96,"column":84}},"type":"default-arg","locations":[{"start":{"line":96,"column":79},"end":{"line":96,"column":84}}]},"7":{"loc":{"start":{"line":100,"column":4},"end":{"line":100,"column":70}},"type":"if","locations":[{"start":{"line":100,"column":4},"end":{"line":100,"column":70}}]},"8":{"loc":{"start":{"line":100,"column":8},"end":{"line":100,"column":61}},"type":"binary-expr","locations":[{"start":{"line":100,"column":8},"end":{"line":100,"column":18}},{"start":{"line":100,"column":22},"end":{"line":100,"column":35}},{"start":{"line":100,"column":39},"end":{"line":100,"column":50}},{"start":{"line":100,"column":54},"end":{"line":100,"column":61}}]},"9":{"loc":{"start":{"line":102,"column":4},"end":{"line":105,"column":5}},"type":"if","locations":[{"start":{"line":102,"column":4},"end":{"line":105,"column":5}}]},"10":{"loc":{"start":{"line":102,"column":8},"end":{"line":102,"column":40}},"type":"binary-expr","locations":[{"start":{"line":102,"column":8},"end":{"line":102,"column":16}},{"start":{"line":102,"column":20},"end":{"line":102,"column":40}}]},"11":{"loc":{"start":{"line":109,"column":4},"end":{"line":119,"column":5}},"type":"if","locations":[{"start":{"line":109,"column":4},"end":{"line":119,"column":5}},{"start":{"line":115,"column":11},"end":{"line":119,"column":5}}]},"12":{"loc":{"start":{"line":111,"column":33},"end":{"line":111,"column":92}},"type":"cond-expr","locations":[{"start":{"line":111,"column":64},"end":{"line":111,"column":88}},{"start":{"line":111,"column":91},"end":{"line":111,"column":92}}]},"13":{"loc":{"start":{"line":121,"column":4},"end":{"line":125,"column":5}},"type":"if","locations":[{"start":{"line":121,"column":4},"end":{"line":125,"column":5}}]},"14":{"loc":{"start":{"line":122,"column":21},"end":{"line":122,"column":69}},"type":"cond-expr","locations":[{"start":{"line":122,"column":43},"end":{"line":122,"column":54}},{"start":{"line":122,"column":57},"end":{"line":122,"column":69}}]},"15":{"loc":{"start":{"line":136,"column":6},"end":{"line":136,"column":72}},"type":"if","locations":[{"start":{"line":136,"column":6},"end":{"line":136,"column":72}}]},"16":{"loc":{"start":{"line":136,"column":10},"end":{"line":136,"column":63}},"type":"binary-expr","locations":[{"start":{"line":136,"column":10},"end":{"line":136,"column":20}},{"start":{"line":136,"column":24},"end":{"line":136,"column":37}},{"start":{"line":136,"column":41},"end":{"line":136,"column":52}},{"start":{"line":136,"column":56},"end":{"line":136,"column":63}}]},"17":{"loc":{"start":{"line":138,"column":6},"end":{"line":151,"column":7}},"type":"if","locations":[{"start":{"line":138,"column":6},"end":{"line":151,"column":7}},{"start":{"line":146,"column":13},"end":{"line":151,"column":7}}]},"18":{"loc":{"start":{"line":138,"column":10},"end":{"line":138,"column":40}},"type":"binary-expr","locations":[{"start":{"line":138,"column":10},"end":{"line":138,"column":16}},{"start":{"line":138,"column":20},"end":{"line":138,"column":40}}]},"19":{"loc":{"start":{"line":141,"column":35},"end":{"line":141,"column":94}},"type":"cond-expr","locations":[{"start":{"line":141,"column":66},"end":{"line":141,"column":90}},{"start":{"line":141,"column":93},"end":{"line":141,"column":94}}]},"20":{"loc":{"start":{"line":146,"column":13},"end":{"line":151,"column":7}},"type":"if","locations":[{"start":{"line":146,"column":13},"end":{"line":151,"column":7}}]},"21":{"loc":{"start":{"line":161,"column":4},"end":{"line":161,"column":86}},"type":"if","locations":[{"start":{"line":161,"column":4},"end":{"line":161,"column":86}}]},"22":{"loc":{"start":{"line":161,"column":8},"end":{"line":161,"column":77}},"type":"binary-expr","locations":[{"start":{"line":161,"column":8},"end":{"line":161,"column":22}},{"start":{"line":161,"column":26},"end":{"line":161,"column":42}},{"start":{"line":161,"column":46},"end":{"line":161,"column":59}},{"start":{"line":161,"column":63},"end":{"line":161,"column":77}}]},"23":{"loc":{"start":{"line":174,"column":4},"end":{"line":174,"column":30}},"type":"if","locations":[{"start":{"line":174,"column":4},"end":{"line":174,"column":30}}]},"24":{"loc":{"start":{"line":176,"column":4},"end":{"line":180,"column":5}},"type":"if","locations":[{"start":{"line":176,"column":4},"end":{"line":180,"column":5}},{"start":{"line":178,"column":11},"end":{"line":180,"column":5}}]}},"s":{"0":1,"1":4,"2":4,"3":2,"4":3,"5":3,"6":1,"7":1,"8":1,"9":1,"10":1,"11":1,"12":0,"13":0,"14":1,"15":2,"16":2,"17":2,"18":2,"19":2,"20":2,"21":0,"22":0,"23":0,"24":0,"25":2,"26":0,"27":0,"28":0,"29":0,"30":2,"31":2,"32":1,"33":1,"34":4,"35":4,"36":4,"37":4,"38":4,"39":2,"40":2,"41":2,"42":0,"43":2,"44":0,"45":0,"46":2,"47":2,"48":1,"49":1,"50":1,"51":1,"52":1,"53":1,"54":1,"55":1,"56":2,"57":2,"58":2,"59":2,"60":0,"61":0,"62":0,"63":0,"64":0,"65":0,"66":0,"67":0,"68":0,"69":0,"70":0,"71":0,"72":0,"73":0,"74":0,"75":0,"76":0,"77":0,"78":0,"79":0,"80":0,"81":1,"82":1,"83":1,"84":0,"85":1,"86":1,"87":1,"88":1,"89":1,"90":1,"91":1,"92":0,"93":1,"94":1,"95":0,"96":1},"f":{"0":4,"1":2,"2":3,"3":0,"4":0,"5":0,"6":0,"7":0,"8":2,"9":1,"10":4,"11":2,"12":0,"13":0,"14":1,"15":1},"b":{"0":[1],"1":[1],"2":[1],"3":[2],"4":[0],"5":[4,0],"6":[2],"7":[0],"8":[2,2,2,2],"9":[0],"10":[2,2],"11":[1,1],"12":[1,0],"13":[2],"14":[1,1],"15":[0],"16":[0,0,0,0],"17":[0,0],"18":[0,0],"19":[0,0],"20":[0],"21":[0],"22":[1,1,1,1],"23":[0],"24":[1,0]}}
,"C:\\Users\\EmmanuelAsaber\\Desktop\\statically-strict-debugger\\src\\general.ts": {"path":"C:\\Users\\EmmanuelAsaber\\Desktop\\statically-strict-debugger\\src\\general.ts","statementMap":{"0":{"start":{"line":12,"column":2},"end":{"line":20,"column":4}},"1":{"start":{"line":22,"column":2},"end":{"line":27,"column":4}},"2":{"start":{"line":33,"column":4},"end":{"line":33,"column":27}},"3":{"start":{"line":34,"column":4},"end":{"line":34,"column":28}},"4":{"start":{"line":38,"column":4},"end":{"line":38,"column":37}},"5":{"start":{"line":42,"column":4},"end":{"line":42,"column":32}},"6":{"start":{"line":46,"column":28},"end":{"line":46,"column":94}},"7":{"start":{"line":47,"column":4},"end":{"line":47,"column":38}},"8":{"start":{"line":47,"column":26},"end":{"line":47,"column":38}},"9":{"start":{"line":48,"column":17},"end":{"line":48,"column":65}},"10":{"start":{"line":49,"column":27},"end":{"line":51,"column":31}},"11":{"start":{"line":52,"column":4},"end":{"line":52,"column":26}},"12":{"start":{"line":56,"column":17},"end":{"line":56,"column":89}},"13":{"start":{"line":57,"column":4},"end":{"line":57,"column":54}},"14":{"start":{"line":61,"column":4},"end":{"line":61,"column":52}},"15":{"start":{"line":65,"column":4},"end":{"line":69,"column":6}},"16":{"start":{"line":73,"column":17},"end":{"line":73,"column":43}},"17":{"start":{"line":74,"column":4},"end":{"line":74,"column":47}},"18":{"start":{"line":78,"column":4},"end":{"line":80,"column":13}},"19":{"start":{"line":79,"column":6},"end":{"line":79,"column":23}},"20":{"start":{"line":84,"column":4},"end":{"line":84,"column":46}},"21":{"start":{"line":88,"column":28},"end":{"line":88,"column":71}},"22":{"start":{"line":89,"column":4},"end":{"line":89,"column":81}},"23":{"start":{"line":93,"column":4},"end":{"line":93,"column":76}},"24":{"start":{"line":93,"column":69},"end":{"line":93,"column":76}},"25":{"start":{"line":94,"column":29},"end":{"line":94,"column":69}},"26":{"start":{"line":95,"column":4},"end":{"line":95,"column":61}},"27":{"start":{"line":99,"column":4},"end":{"line":99,"column":31}},"28":{"start":{"line":103,"column":4},"end":{"line":103,"column":32}},"29":{"start":{"line":107,"column":4},"end":{"line":107,"column":39}},"30":{"start":{"line":111,"column":4},"end":{"line":111,"column":39}},"31":{"start":{"line":115,"column":4},"end":{"line":115,"column":36}},"32":{"start":{"line":120,"column":4},"end":{"line":129,"column":5}},"33":{"start":{"line":121,"column":6},"end":{"line":121,"column":42}},"34":{"start":{"line":122,"column":11},"end":{"line":129,"column":5}},"35":{"start":{"line":123,"column":31},"end":{"line":123,"column":72}},"36":{"start":{"line":124,"column":6},"end":{"line":124,"column":53}},"37":{"start":{"line":125,"column":11},"end":{"line":129,"column":5}},"38":{"start":{"line":126,"column":6},"end":{"line":126,"column":48}},"39":{"start":{"line":128,"column":6},"end":{"line":128,"column":50}},"40":{"start":{"line":131,"column":26},"end":{"line":131,"column":86}},"41":{"start":{"line":133,"column":4},"end":{"line":133,"column":51}},"42":{"start":{"line":133,"column":44},"end":{"line":133,"column":51}},"43":{"start":{"line":135,"column":4},"end":{"line":135,"column":37}},"44":{"start":{"line":139,"column":18},"end":{"line":139,"column":33}},"45":{"start":{"line":140,"column":4},"end":{"line":140,"column":27}},"46":{"start":{"line":144,"column":0},"end":{"line":144,"column":23}}},"fnMap":{"0":{"name":"(anonymous_0)","decl":{"start":{"line":32,"column":2},"end":{"line":32,"column":null}},"loc":{"start":{"line":32,"column":2},"end":{"line":35,"column":3}}},"1":{"name":"(anonymous_1)","decl":{"start":{"line":37,"column":2},"end":{"line":37,"column":14}},"loc":{"start":{"line":37,"column":27},"end":{"line":39,"column":3}}},"2":{"name":"(anonymous_2)","decl":{"start":{"line":41,"column":2},"end":{"line":41,"column":9}},"loc":{"start":{"line":41,"column":9},"end":{"line":43,"column":3}}},"3":{"name":"(anonymous_3)","decl":{"start":{"line":45,"column":2},"end":{"line":45,"column":26}},"loc":{"start":{"line":45,"column":117},"end":{"line":53,"column":3}}},"4":{"name":"(anonymous_4)","decl":{"start":{"line":55,"column":2},"end":{"line":55,"column":18}},"loc":{"start":{"line":55,"column":89},"end":{"line":58,"column":3}}},"5":{"name":"(anonymous_5)","decl":{"start":{"line":60,"column":2},"end":{"line":60,"column":12}},"loc":{"start":{"line":60,"column":78},"end":{"line":62,"column":3}}},"6":{"name":"(anonymous_6)","decl":{"start":{"line":64,"column":2},"end":{"line":64,"column":14}},"loc":{"start":{"line":64,"column":30},"end":{"line":70,"column":3}}},"7":{"name":"(anonymous_7)","decl":{"start":{"line":72,"column":2},"end":{"line":72,"column":21}},"loc":{"start":{"line":72,"column":87},"end":{"line":75,"column":3}}},"8":{"name":"(anonymous_8)","decl":{"start":{"line":77,"column":2},"end":{"line":77,"column":20}},"loc":{"start":{"line":77,"column":41},"end":{"line":81,"column":3}}},"9":{"name":"(anonymous_9)","decl":{"start":{"line":78,"column":15},"end":{"line":78,"column":18}},"loc":{"start":{"line":78,"column":20},"end":{"line":80,"column":5}}},"10":{"name":"(anonymous_10)","decl":{"start":{"line":83,"column":2},"end":{"line":83,"column":10}},"loc":{"start":{"line":83,"column":29},"end":{"line":85,"column":3}}},"11":{"name":"(anonymous_11)","decl":{"start":{"line":87,"column":2},"end":{"line":87,"column":17}},"loc":{"start":{"line":87,"column":97},"end":{"line":90,"column":3}}},"12":{"name":"(anonymous_12)","decl":{"start":{"line":92,"column":2},"end":{"line":92,"column":22}},"loc":{"start":{"line":92,"column":67},"end":{"line":96,"column":3}}},"13":{"name":"(anonymous_13)","decl":{"start":{"line":98,"column":2},"end":{"line":98,"column":21}},"loc":{"start":{"line":98,"column":42},"end":{"line":100,"column":3}}},"14":{"name":"(anonymous_14)","decl":{"start":{"line":102,"column":2},"end":{"line":102,"column":19}},"loc":{"start":{"line":102,"column":55},"end":{"line":104,"column":3}}},"15":{"name":"(anonymous_15)","decl":{"start":{"line":106,"column":2},"end":{"line":106,"column":14}},"loc":{"start":{"line":106,"column":35},"end":{"line":108,"column":3}}},"16":{"name":"(anonymous_16)","decl":{"start":{"line":110,"column":2},"end":{"line":110,"column":14}},"loc":{"start":{"line":110,"column":35},"end":{"line":112,"column":3}}},"17":{"name":"(anonymous_17)","decl":{"start":{"line":114,"column":2},"end":{"line":114,"column":11}},"loc":{"start":{"line":114,"column":32},"end":{"line":116,"column":3}}},"18":{"name":"(anonymous_18)","decl":{"start":{"line":118,"column":2},"end":{"line":118,"column":21}},"loc":{"start":{"line":118,"column":45},"end":{"line":136,"column":3}}},"19":{"name":"(anonymous_19)","decl":{"start":{"line":138,"column":2},"end":{"line":138,"column":23}},"loc":{"start":{"line":138,"column":36},"end":{"line":141,"column":3}}}},"branchMap":{"0":{"loc":{"start":{"line":45,"column":49},"end":{"line":45,"column":86}},"type":"default-arg","locations":[{"start":{"line":45,"column":78},"end":{"line":45,"column":86}}]},"1":{"loc":{"start":{"line":45,"column":88},"end":{"line":45,"column":117}},"type":"default-arg","locations":[{"start":{"line":45,"column":114},"end":{"line":45,"column":117}}]},"2":{"loc":{"start":{"line":47,"column":4},"end":{"line":47,"column":38}},"type":"if","locations":[{"start":{"line":47,"column":4},"end":{"line":47,"column":38}}]},"3":{"loc":{"start":{"line":48,"column":17},"end":{"line":48,"column":65}},"type":"binary-expr","locations":[{"start":{"line":48,"column":17},"end":{"line":48,"column":59}},{"start":{"line":48,"column":63},"end":{"line":48,"column":65}}]},"4":{"loc":{"start":{"line":48,"column":17},"end":{"line":48,"column":59}},"type":"cond-expr","locations":[{"start":{"line":48,"column":44},"end":{"line":48,"column":46}},{"start":{"line":48,"column":44},"end":{"line":48,"column":59}}]},"5":{"loc":{"start":{"line":48,"column":17},"end":{"line":48,"column":46}},"type":"binary-expr","locations":[{"start":{"line":48,"column":17},"end":{"line":48,"column":46}},{"start":{"line":48,"column":44},"end":{"line":48,"column":46}}]},"6":{"loc":{"start":{"line":49,"column":27},"end":{"line":51,"column":31}},"type":"cond-expr","locations":[{"start":{"line":50,"column":8},"end":{"line":50,"column":12}},{"start":{"line":51,"column":8},"end":{"line":51,"column":31}}]},"7":{"loc":{"start":{"line":57,"column":11},"end":{"line":57,"column":53}},"type":"cond-expr","locations":[{"start":{"line":57,"column":18},"end":{"line":57,"column":41}},{"start":{"line":57,"column":44},"end":{"line":57,"column":53}}]},"8":{"loc":{"start":{"line":89,"column":11},"end":{"line":89,"column":80}},"type":"cond-expr","locations":[{"start":{"line":89,"column":29},"end":{"line":89,"column":73}},{"start":{"line":89,"column":76},"end":{"line":89,"column":80}}]},"9":{"loc":{"start":{"line":93,"column":4},"end":{"line":93,"column":76}},"type":"if","locations":[{"start":{"line":93,"column":4},"end":{"line":93,"column":76}}]},"10":{"loc":{"start":{"line":93,"column":8},"end":{"line":93,"column":67}},"type":"binary-expr","locations":[{"start":{"line":93,"column":8},"end":{"line":93,"column":42}},{"start":{"line":93,"column":46},"end":{"line":93,"column":67}}]},"11":{"loc":{"start":{"line":120,"column":4},"end":{"line":129,"column":5}},"type":"if","locations":[{"start":{"line":120,"column":4},"end":{"line":129,"column":5}},{"start":{"line":122,"column":11},"end":{"line":129,"column":5}}]},"12":{"loc":{"start":{"line":122,"column":11},"end":{"line":129,"column":5}},"type":"if","locations":[{"start":{"line":122,"column":11},"end":{"line":129,"column":5}},{"start":{"line":125,"column":11},"end":{"line":129,"column":5}}]},"13":{"loc":{"start":{"line":125,"column":11},"end":{"line":129,"column":5}},"type":"if","locations":[{"start":{"line":125,"column":11},"end":{"line":129,"column":5}},{"start":{"line":127,"column":11},"end":{"line":129,"column":5}}]},"14":{"loc":{"start":{"line":131,"column":26},"end":{"line":131,"column":86}},"type":"cond-expr","locations":[{"start":{"line":131,"column":32},"end":{"line":131,"column":34}},{"start":{"line":131,"column":26},"end":{"line":131,"column":86}}]},"15":{"loc":{"start":{"line":131,"column":26},"end":{"line":131,"column":34}},"type":"binary-expr","locations":[{"start":{"line":131,"column":26},"end":{"line":131,"column":34}},{"start":{"line":131,"column":26},"end":{"line":131,"column":34}}]},"16":{"loc":{"start":{"line":133,"column":4},"end":{"line":133,"column":51}},"type":"if","locations":[{"start":{"line":133,"column":4},"end":{"line":133,"column":51}}]},"17":{"loc":{"start":{"line":133,"column":8},"end":{"line":133,"column":42}},"type":"binary-expr","locations":[{"start":{"line":133,"column":8},"end":{"line":133,"column":24}},{"start":{"line":133,"column":28},"end":{"line":133,"column":42}}]}},"s":{"0":21,"1":21,"2":21,"3":21,"4":13,"5":0,"6":7,"7":7,"8":1,"9":6,"10":6,"11":6,"12":0,"13":0,"14":8,"15":3,"16":3,"17":3,"18":0,"19":0,"20":0,"21":18,"22":18,"23":6,"24":1,"25":5,"26":5,"27":0,"28":0,"29":0,"30":0,"31":0,"32":0,"33":0,"34":0,"35":0,"36":0,"37":0,"38":0,"39":0,"40":0,"41":0,"42":0,"43":0,"44":0,"45":0,"46":2},"f":{"0":21,"1":13,"2":0,"3":7,"4":0,"5":8,"6":3,"7":3,"8":0,"9":0,"10":0,"11":18,"12":6,"13":0,"14":0,"15":0,"16":0,"17":0,"18":0,"19":0},"b":{"0":[7],"1":[7],"2":[1],"3":[6,0],"4":[0,6],"5":[6,6],"6":[0,6],"7":[0,0],"8":[17,1],"9":[1],"10":[6,6],"11":[0,0],"12":[0,0],"13":[0,0],"14":[0,0],"15":[0,0],"16":[0],"17":[0,0]}}
}
