TN:
SF:src\basicSettings.ts
FN:15,(anonymous_1)
FN:20,(anonymous_2)
FN:32,(anonymous_3)
FN:42,(anonymous_4)
FN:53,(anonymous_5)
FN:61,(anonymous_6)
FN:67,(anonymous_7)
FN:68,(anonymous_8)
FN:73,(anonymous_9)
FN:78,(anonymous_10)
FN:83,(anonymous_11)
FN:96,(anonymous_12)
FN:128,(anonymous_13)
FN:132,(anonymous_14)
FN:157,(anonymous_15)
FN:171,(anonymous_16)
FNF:16
FNH:9
FNDA:4,(anonymous_1)
FNDA:2,(anonymous_2)
FNDA:3,(anonymous_3)
FNDA:0,(anonymous_4)
FNDA:0,(anonymous_5)
FNDA:0,(anonymous_6)
FNDA:0,(anonymous_7)
FNDA:0,(anonymous_8)
FNDA:2,(anonymous_9)
FNDA:1,(anonymous_10)
FNDA:4,(anonymous_11)
FNDA:2,(anonymous_12)
FNDA:0,(anonymous_13)
FNDA:0,(anonymous_14)
FNDA:1,(anonymous_15)
FNDA:1,(anonymous_16)
DA:3,1
DA:16,4
DA:17,4
DA:21,2
DA:33,3
DA:34,3
DA:35,1
DA:36,1
DA:37,1
DA:39,1
DA:40,1
DA:42,1
DA:43,0
DA:44,0
DA:46,1
DA:48,2
DA:49,2
DA:50,2
DA:51,2
DA:52,2
DA:53,2
DA:54,0
DA:55,0
DA:56,0
DA:57,0
DA:61,2
DA:62,0
DA:63,0
DA:68,0
DA:69,0
DA:74,2
DA:75,2
DA:79,1
DA:80,1
DA:89,4
DA:90,4
DA:91,4
DA:92,4
DA:93,4
DA:97,2
DA:98,2
DA:100,2
DA:102,2
DA:103,0
DA:104,0
DA:107,2
DA:109,2
DA:110,1
DA:111,1
DA:112,1
DA:113,1
DA:114,1
DA:116,1
DA:117,1
DA:118,1
DA:121,2
DA:122,2
DA:123,2
DA:124,2
DA:129,0
DA:130,0
DA:132,0
DA:133,0
DA:134,0
DA:136,0
DA:138,0
DA:139,0
DA:140,0
DA:141,0
DA:142,0
DA:143,0
DA:144,0
DA:145,0
DA:146,0
DA:147,0
DA:148,0
DA:149,0
DA:150,0
DA:154,0
DA:158,1
DA:159,1
DA:161,1
DA:163,1
DA:164,1
DA:166,1
DA:167,1
DA:168,1
DA:172,1
DA:174,1
DA:176,1
DA:177,1
DA:179,0
DA:184,1
LF:93
LH:60
BRDA:34,0,0,1
BRDA:36,1,0,1
BRDA:39,2,0,1
BRDA:52,3,0,2
BRDA:55,4,0,0
BRDA:90,5,0,4
BRDA:90,5,1,0
BRDA:96,6,0,2
BRDA:100,7,0,0
BRDA:100,8,0,2
BRDA:100,8,1,2
BRDA:100,8,2,2
BRDA:100,8,3,2
BRDA:102,9,0,0
BRDA:102,10,0,2
BRDA:102,10,1,2
BRDA:109,11,0,1
BRDA:109,11,1,1
BRDA:111,12,0,1
BRDA:111,12,1,0
BRDA:121,13,0,2
BRDA:122,14,0,1
BRDA:122,14,1,1
BRDA:136,15,0,0
BRDA:136,16,0,0
BRDA:136,16,1,0
BRDA:136,16,2,0
BRDA:136,16,3,0
BRDA:138,17,0,0
BRDA:138,17,1,0
BRDA:138,18,0,0
BRDA:138,18,1,0
BRDA:141,19,0,0
BRDA:141,19,1,0
BRDA:146,20,0,0
BRDA:161,21,0,0
BRDA:161,22,0,1
BRDA:161,22,1,1
BRDA:161,22,2,1
BRDA:161,22,3,1
BRDA:174,23,0,0
BRDA:176,24,0,1
BRDA:176,24,1,0
BRF:43
BRH:23
end_of_record
TN:
SF:src\general.ts
FN:32,(anonymous_0)
FN:37,(anonymous_1)
FN:41,(anonymous_2)
FN:45,(anonymous_3)
FN:55,(anonymous_4)
FN:60,(anonymous_5)
FN:64,(anonymous_6)
FN:72,(anonymous_7)
FN:77,(anonymous_8)
FN:78,(anonymous_9)
FN:83,(anonymous_10)
FN:87,(anonymous_11)
FN:92,(anonymous_12)
FN:98,(anonymous_13)
FN:102,(anonymous_14)
FN:106,(anonymous_15)
FN:110,(anonymous_16)
FN:114,(anonymous_17)
FN:118,(anonymous_18)
FN:138,(anonymous_19)
FNF:20
FNH:8
FNDA:21,(anonymous_0)
FNDA:13,(anonymous_1)
FNDA:0,(anonymous_2)
FNDA:7,(anonymous_3)
FNDA:0,(anonymous_4)
FNDA:8,(anonymous_5)
FNDA:3,(anonymous_6)
FNDA:3,(anonymous_7)
FNDA:0,(anonymous_8)
FNDA:0,(anonymous_9)
FNDA:0,(anonymous_10)
FNDA:18,(anonymous_11)
FNDA:6,(anonymous_12)
FNDA:0,(anonymous_13)
FNDA:0,(anonymous_14)
FNDA:0,(anonymous_15)
FNDA:0,(anonymous_16)
FNDA:0,(anonymous_17)
FNDA:0,(anonymous_18)
FNDA:0,(anonymous_19)
DA:12,21
DA:22,21
DA:33,21
DA:34,21
DA:38,13
DA:42,0
DA:46,7
DA:47,7
DA:48,6
DA:49,6
DA:52,6
DA:56,0
DA:57,0
DA:61,8
DA:65,3
DA:73,3
DA:74,3
DA:78,0
DA:79,0
DA:84,0
DA:88,18
DA:89,18
DA:93,6
DA:94,5
DA:95,5
DA:99,0
DA:103,0
DA:107,0
DA:111,0
DA:115,0
DA:120,0
DA:121,0
DA:122,0
DA:123,0
DA:124,0
DA:125,0
DA:126,0
DA:128,0
DA:131,0
DA:133,0
DA:135,0
DA:139,0
DA:140,0
DA:144,2
LF:44
LH:20
BRDA:45,0,0,7
BRDA:45,1,0,7
BRDA:47,2,0,1
BRDA:48,3,0,6
BRDA:48,3,1,0
BRDA:48,4,0,0
BRDA:48,4,1,6
BRDA:48,5,0,6
BRDA:48,5,1,6
BRDA:49,6,0,0
BRDA:49,6,1,6
BRDA:57,7,0,0
BRDA:57,7,1,0
BRDA:89,8,0,17
BRDA:89,8,1,1
BRDA:93,9,0,1
BRDA:93,10,0,6
BRDA:93,10,1,6
BRDA:120,11,0,0
BRDA:120,11,1,0
BRDA:122,12,0,0
BRDA:122,12,1,0
BRDA:125,13,0,0
BRDA:125,13,1,0
BRDA:131,14,0,0
BRDA:131,14,1,0
BRDA:131,15,0,0
BRDA:131,15,1,0
BRDA:133,16,0,0
BRDA:133,17,0,0
BRDA:133,17,1,0
BRF:31
BRH:13
end_of_record
